<?xml version="1.0" encoding="UTF-8"?>
<!-- Generated by org.testng.reporters.JUnitReportReporter -->
<testsuite hostname="RajkumarLappy" failures="0" tests="1" name="Programs.Datadriventesting" time="29.969" errors="0" timestamp="2022-09-16T00:04:48 IST" skipped="0">
  <testcase classname="Programs.Datadriventesting" name="Ecxelsheet" time="29.969"/>
  <system-out/>
</testsuite> <!-- Programs.Datadriventesting -->
